<?xml version="1.0" encoding="UTF-8"?>
<!-- Generated by org.testng.reporters.JUnitReportReporter -->
<testsuite hostname="Ravines-MacBook-Pro.local" failures="0" tests="2" name="firstPackage.Streams" time="0.056" errors="0" timestamp="2024-05-06T13:43:10 MDT" skipped="0">
  <testcase classname="firstPackage.Streams" name="countWithStreams" time="0.025"/>
  <testcase classname="firstPackage.Streams" name="streamMap" time="0.031"/>
</testsuite> <!-- firstPackage.Streams -->
