<?xml version="1.0" encoding="UTF-8"?>
<!-- Generated by org.testng.reporters.JUnitReportReporter -->
<testsuite hostname="Ravines-MacBook-Pro.local" failures="0" tests="1" name="testNGTuturial.day1" time="0.083" errors="0" timestamp="2024-05-05T15:24:30 MDT" skipped="0">
  <testcase classname="testNGTuturial.day1" name="sayHello" time="0.083"/>
</testsuite> <!-- testNGTuturial.day1 -->
